  ColaArray.cpp
  ColaIntImp.cpp
  ColaPrioridadIntImp.cpp
C:\Users\gmartinez\Desktop\2025s1_Ejercicios2\ColaIntImp.cpp(23,30): error C2371: 'ColaInt': nueva definición; tipos básicos distintos
      C:\Users\gmartinez\Desktop\2025s1_Ejercicios2\ColaInt.h(7,40):
      vea la declaración de 'ColaInt'
  
C:\Users\gmartinez\Desktop\2025s1_Ejercicios2\ColaIntImp.cpp(25,24): error C4430: falta el especificador de tipo; se presupone int. Nota: C++ no admite default-int
C:\Users\gmartinez\Desktop\2025s1_Ejercicios2\ColaIntImp.cpp(26,1): error C2059: error de sintaxis: '}'
C:\Users\gmartinez\Desktop\2025s1_Ejercicios2\ColaIntImp.cpp(26,1): error C2143: error de sintaxis: falta ';' delante de '}'
C:\Users\gmartinez\Desktop\2025s1_Ejercicios2\ColaIntImp.cpp(29,33): error C2143: error de sintaxis: falta ';' delante de '{'
C:\Users\gmartinez\Desktop\2025s1_Ejercicios2\ColaIntImp.cpp(29,33): error C2447: '{': falta el encabezado de función (¿lista formal de estilo anterior?)
C:\Users\gmartinez\Desktop\2025s1_Ejercicios2\ColaIntImp.cpp(41,9): error C2027: uso del tipo '_representacionColaInt' sin definir
      C:\Users\gmartinez\Desktop\2025s1_Ejercicios2\ColaInt.h(6,8):
      vea la declaración de '_representacionColaInt'
  
C:\Users\gmartinez\Desktop\2025s1_Ejercicios2\ColaIntImp.cpp(45,22): error C2027: uso del tipo '_representacionColaInt' sin definir
      C:\Users\gmartinez\Desktop\2025s1_Ejercicios2\ColaInt.h(6,8):
      vea la declaración de '_representacionColaInt'
  
C:\Users\gmartinez\Desktop\2025s1_Ejercicios2\ColaIntImp.cpp(46,2): error C2027: uso del tipo '_representacionColaInt' sin definir
      C:\Users\gmartinez\Desktop\2025s1_Ejercicios2\ColaInt.h(6,8):
      vea la declaración de '_representacionColaInt'
  
C:\Users\gmartinez\Desktop\2025s1_Ejercicios2\ColaIntImp.cpp(46,12): error C2027: uso del tipo '_representacionColaInt' sin definir
      C:\Users\gmartinez\Desktop\2025s1_Ejercicios2\ColaInt.h(6,8):
      vea la declaración de '_representacionColaInt'
  
C:\Users\gmartinez\Desktop\2025s1_Ejercicios2\ColaIntImp.cpp(48,2): error C2027: uso del tipo '_representacionColaInt' sin definir
      C:\Users\gmartinez\Desktop\2025s1_Ejercicios2\ColaInt.h(6,8):
      vea la declaración de '_representacionColaInt'
  
C:\Users\gmartinez\Desktop\2025s1_Ejercicios2\ColaIntImp.cpp(49,7): error C2027: uso del tipo '_representacionColaInt' sin definir
      C:\Users\gmartinez\Desktop\2025s1_Ejercicios2\ColaInt.h(6,8):
      vea la declaración de '_representacionColaInt'
  
C:\Users\gmartinez\Desktop\2025s1_Ejercicios2\ColaIntImp.cpp(50,3): error C2027: uso del tipo '_representacionColaInt' sin definir
      C:\Users\gmartinez\Desktop\2025s1_Ejercicios2\ColaInt.h(6,8):
      vea la declaración de '_representacionColaInt'
  
C:\Users\gmartinez\Desktop\2025s1_Ejercicios2\ColaIntImp.cpp(53,3): error C2027: uso del tipo '_representacionColaInt' sin definir
      C:\Users\gmartinez\Desktop\2025s1_Ejercicios2\ColaInt.h(6,8):
      vea la declaración de '_representacionColaInt'
  
  ConductorPrueba.cpp
  ConductorPruebaObl2.cpp
  Defensa.cpp
  DiccionarioIntImp.cpp
  Ejercicios.cpp
  EstadisticaPrueba.cpp
  FuncAux.cpp
  FuncAuxTAD.cpp
  FuncAux_s.cpp
  ListaOrdIntImp.cpp
  ListaOrdIntImp2.cpp
  ListaPosIntImp.cpp
  main.cpp
  ManejadorArchivos.cpp
  ManejadorImpresionPrueba.cpp
  ManejadorSalidaPrueba.cpp
  MultisetIntImp.cpp
  Generando código...
  Compilando...
  PilaIntImp.cpp
  Prueba.cpp
  PruebasAuxDefensa.cpp
  PruebasAuxEntrega.cpp
  PruebasColaInt.cpp
  PruebasColaPrioridadInt.cpp
  PruebasCorreccion.cpp
  PruebasDefensa.cpp
  PruebasDiccionarioInt.cpp
  PruebasEjemploDeUsoEntrega.cpp
  PruebasListaOrdInt.cpp
  PruebasListaPosInt.cpp
  PruebasMultisetInt.cpp
  PruebasPilaInt.cpp
  PruebasPropias.cpp
  PruebasSetInt.cpp
  PruebasTablaIntInt.cpp
  PruebasTablaIntString.cpp
  SetIntImp.cpp
  TablaIntIntImp.cpp
  Generando código...
  Compilando...
  TablaIntStringImp.cpp
  Generando código...
